1602407159658	geckodriver	INFO	Listening on 127.0.0.1:43983
1602407159671	mozrunner::runner	INFO	Running command: "/usr/bin/firefox" "--marionette" "-foreground" "-no-remote" "-profile" "/tmp/rust_mozprofile37F0MS"
console.error: SearchCache: "_readCacheFile: Error reading cache file:" (new Error("", "(unknown module)"))
1602407163826	Marionette	INFO	Listening on port 46493
1602407163890	Marionette	WARN	TLS certificate errors will be ignored for this session
console.error: Region.jsm: "Error fetching region" (new AbortError("The operation was aborted. ", (void 0), 697))
console.error: Region.jsm: "Failed to fetch region" (new Error("NO_RESULT", "resource://gre/modules/Region.jsm", 351))
1602407169740	Marionette	INFO	Stopped listening on port 46493
1602407227251	geckodriver	INFO	Listening on 127.0.0.1:53401
1602407227260	mozrunner::runner	INFO	Running command: "/usr/bin/firefox" "--marionette" "-foreground" "-no-remote" "-profile" "/tmp/rust_mozprofiletN5rYw"
console.error: SearchCache: "_readCacheFile: Error reading cache file:" (new Error("", "(unknown module)"))
1602407231487	Marionette	INFO	Listening on port 36287
1602407231575	Marionette	WARN	TLS certificate errors will be ignored for this session
1602407235057	Marionette	INFO	Stopped listening on port 36287
1614970474914	geckodriver	INFO	Listening on 127.0.0.1:48537
1614970475791	mozrunner::runner	INFO	Running command: "/usr/bin/firefox" "--marionette" "-foreground" "-no-remote" "-profile" "/tmp/rust_mozprofilep34s57"
console.warn: SearchSettings: "get: No settings file exists, new profile?" (new Error("", "(unknown module)"))
1614970480126	Marionette	INFO	Listening on port 33509
1614970480252	Marionette	WARN	TLS certificate errors will be ignored for this session
1614970480271	Marionette	ERROR	[15] No reply from Marionette:Register
console.warn: SearchSettings: "get: No settings file exists, new profile?" (new Error("", "(unknown module)"))

###!!! [Child][RunMessage] Error: Channel closing: too late to send/recv, messages will be lost

1614970539067	Marionette	INFO	Stopped listening on port 33509
1614970541921	geckodriver	INFO	Listening on 127.0.0.1:54469
1614970541926	mozrunner::runner	INFO	Running command: "/usr/bin/firefox" "--marionette" "-foreground" "-no-remote" "-profile" "/tmp/rust_mozprofilesip2q6"
console.warn: SearchSettings: "get: No settings file exists, new profile?" (new Error("", "(unknown module)"))
1614970545525	Marionette	INFO	Listening on port 45357
1614970545564	Marionette	WARN	TLS certificate errors will be ignored for this session
1614970545586	Marionette	ERROR	[15] No reply from Marionette:Register
1614970562899	Marionette	ERROR	[33] No reply from Marionette:Register
1614970566053	Marionette	ERROR	[35] No reply from Marionette:Register
JavaScript error: resource://activity-stream/lib/ASRouter.jsm, line 987: NS_ERROR_ILLEGAL_VALUE: Component returned failure code: 0x80070057 (NS_ERROR_ILLEGAL_VALUE) [nsIObserverService.removeObserver]
1614970569597	Marionette	INFO	Stopped listening on port 45357

###!!! [Parent][RunMessage] Error: Channel closing: too late to send/recv, messages will be lost

